Arguments: 
  /usr/local/bin/node /usr/local/bin/yarn install

PATH: 
  /home/quynh/.local/bin:/usr/local/sbin:/usr/local/bin:/usr/sbin:/usr/bin:/sbin:/bin:/usr/games:/usr/local/games:/snap/bin

Yarn version: 
  1.22.11

Node version: 
  16.5.0

Platform: 
  linux x64

Trace: 
  SyntaxError: /home/quynh/Desktop/CtyBDS/package.json: Unexpected token } in JSON at position 515
      at JSON.parse (<anonymous>)
      at /usr/local/lib/node_modules/yarn/lib/cli.js:1625:59
      at Generator.next (<anonymous>)
      at step (/usr/local/lib/node_modules/yarn/lib/cli.js:310:30)
      at /usr/local/lib/node_modules/yarn/lib/cli.js:321:13

npm manifest: 
  {
      "private": true,
      "scripts": {
          "dev": "next dev -p 3022",
          "build": "next build",
          "export": "next export",
          "start": "next start",
          "lint": "next lint",
          "cypress:open": "cypress open"
      },
      "dependencies": {
          "@ant-design/icons": "^4.7.0",
          "antd": "^4.16.13",
          "next": "latest",
          "react": "17.0.2",
          "react-dom": "17.0.2",
          "react-slick": "^0.28.1",
          "react-uuid": "^1.0.2",
          "sass": "^1.49.0",
      },
      "devDependencies": {
          "@types/node": "17.0.10",
          "@types/react": "17.0.38",
          "cypress": "^9.4.1",
          "eslint": "8.7.0",
          "eslint-config-next": "12.0.8",
          "typescript": "4.5.5"
      }
  }

yarn manifest: 
  No manifest

Lockfile: 
  No lockfile
